<?xml version="1.0" encoding="UTF-8"?>
<testng-results ignored="0" total="1" passed="1" failed="0" skipped="0">
  <reporter-output>
  </reporter-output>
  <suite started-at="2021-10-22T18:32:02 IST" name="BookingHotels" finished-at="2021-10-22T18:32:50 IST" duration-ms="47387">
    <groups>
    </groups>
    <test started-at="2021-10-22T18:32:02 IST" name="Booking Hotel Test" finished-at="2021-10-22T18:32:50 IST" duration-ms="47387">
      <class name="com.AutomationTesterinterview.testCases.TC_01_BookingHotelsTest">
        <test-method is-config="true" signature="setup(java.lang.String)[pri:0, instance:com.AutomationTesterinterview.testCases.TC_01_BookingHotelsTest@7555b920]" started-at="2021-10-22T18:32:03 IST" name="setup" finished-at="2021-10-22T18:32:35 IST" duration-ms="31161" status="PASS">
          <params>
            <param index="0">
              <value>
                <![CDATA[chrome]]>
              </value>
            </param>
          </params>
          <reporter-output>
          </reporter-output>
        </test-method> <!-- setup -->
        <test-method signature="booking()[pri:0, instance:com.AutomationTesterinterview.testCases.TC_01_BookingHotelsTest@7555b920]" started-at="2021-10-22T18:32:35 IST" name="booking" finished-at="2021-10-22T18:32:48 IST" duration-ms="13539" status="PASS">
          <reporter-output>
          </reporter-output>
        </test-method> <!-- booking -->
        <test-method is-config="true" signature="tearDown()[pri:0, instance:com.AutomationTesterinterview.testCases.TC_01_BookingHotelsTest@7555b920]" started-at="2021-10-22T18:32:48 IST" name="tearDown" finished-at="2021-10-22T18:32:50 IST" duration-ms="1366" status="PASS">
          <reporter-output>
          </reporter-output>
        </test-method> <!-- tearDown -->
      </class> <!-- com.AutomationTesterinterview.testCases.TC_01_BookingHotelsTest -->
    </test> <!-- Booking Hotel Test -->
  </suite> <!-- BookingHotels -->
</testng-results>
